usage: glances [-h] [-V] [-d] [-C CONF_FILE] [--modules-list]
               [--disable-plugin DISABLE_PLUGIN]
               [--enable-plugin ENABLE_PLUGIN] [--disable-process]
               [--disable-webui] [--light] [-0] [-1] [-2] [-3] [-4] [-5] [-6]
               [--disable-history] [--disable-bold] [--disable-bg]
               [--enable-irq] [--enable-process-extended]
               [--sort-processes {cpu_percent,memory_percent,username,cpu_times,io_counters,name}]
               [--export EXPORT] [--export-csv-file EXPORT_CSV_FILE]
               [--export-csv-overwrite] [--export-json-file EXPORT_JSON_FILE]
               [--export-graph-path EXPORT_GRAPH_PATH] [-c CLIENT] [-s]
               [--browser] [--disable-autodiscover] [-p PORT]
               [-B BIND_ADDRESS] [--username] [--password] [-u USERNAME_USED]
               [--snmp-community SNMP_COMMUNITY] [--snmp-port SNMP_PORT]
               [--snmp-version SNMP_VERSION] [--snmp-user SNMP_USER]
               [--snmp-auth SNMP_AUTH] [--snmp-force] [-t TIME] [-w]
               [--cached-time CACHED_TIME] [--open-web-browser] [-q]
               [-f PROCESS_FILTER] [--process-short-name]
               [--process-long-name] [--stdout STDOUT]
               [--stdout-csv STDOUT_CSV] [--issue] [--api-doc]
               [--hide-kernel-threads] [-b] [--diskio-show-ramfs]
               [--diskio-iops] [--fahrenheit] [--fs-free-space] [--sparkline]
               [--theme-white] [--disable-check-update]
               [--strftime STRFTIME_FORMAT]
glances: error: unrecognized arguments: --disable-web-auth
INFO:     Started server process [36080]
INFO:     Waiting for application startup.
INFO:     Application startup complete.
INFO:     Uvicorn running on http://0.0.0.0:61208 (Press CTRL+C to quit)
INFO:     Shutting down
INFO:     Waiting for application shutdown.
INFO:     Application shutdown complete.
INFO:     Finished server process [36080]
Glances Web User Interface started on http://0.0.0.0:61208/
Glances RESTful API Server started on http://0.0.0.0:61208/api/4
